03:14:10 **** Clean-only build of configuration Debug for project parcial_01 ****
rm -rf src/salon.d src/utn_ops.o src/parcial_01.d src/parcial_01.o src/abmSalonArcade.o src/utn_ops.d src/menu.o src/defines.o src/menu.d src/defines.d src/informes.o parcial_01.exe src/arcade.o src/informes.d src/salon.o src/abmSalonArcade.d src/arcade.d 
03:14:11 **** Rebuild of configuration Debug for project parcial_01 ****
Info: Internal Builder is used for build
gcc -O0 -g3 -Wall -c -fmessage-length=0 -o "src\\salon.o" "..\\src\\salon.c" 
gcc -O0 -g3 -Wall -c -fmessage-length=0 -o "src\\arcade.o" "..\\src\\arcade.c" 
gcc -O0 -g3 -Wall -c -fmessage-length=0 -o "src\\utn_ops.o" "..\\src\\utn_ops.c" 
gcc -O0 -g3 -Wall -c -fmessage-length=0 -o "src\\informes.o" "..\\src\\informes.c" 
..\src\informes.c: In function 'informeCuatroArcades':
..\src\informes.c:9:6: warning: unused variable 'contTotal' [-Wunused-variable]
    9 |  int contTotal = 0;
      |      ^~~~~~~~~
gcc -O0 -g3 -Wall -c -fmessage-length=0 -o "src\\menu.o" "..\\src\\menu.c" 
gcc -O0 -g3 -Wall -c -fmessage-length=0 -o "src\\abmSalonArcade.o" "..\\src\\abmSalonArcade.c" 
gcc -O0 -g3 -Wall -c -fmessage-length=0 -o "src\\defines.o" "..\\src\\defines.c" 
gcc -O0 -g3 -Wall -c -fmessage-length=0 -o "src\\parcial_01.o" "..\\src\\parcial_01.c" 
gcc -o parcial_01.exe "src\\abmSalonArcade.o" "src\\arcade.o" "src\\defines.o" "src\\informes.o" "src\\menu.o" "src\\parcial_01.o" "src\\salon.o" "src\\utn_ops.o" 
03:14:25 **** Incremental Build of configuration Debug for project parcial_01 ****
Info: Internal Builder is used for build
gcc -O0 -g3 -Wall -c -fmessage-length=0 -o "src\\informes.o" "..\\src\\informes.c" 
gcc -o parcial_01.exe "src\\abmSalonArcade.o" "src\\arcade.o" "src\\defines.o" "src\\informes.o" "src\\menu.o" "src\\parcial_01.o" "src\\salon.o" "src\\utn_ops.o" 
Info: Nothing to build for parcial_01
